<?xml version="1.0" encoding="UTF-8"?>
<testng-results skipped="0" failed="0" ignored="0" total="1" passed="1">
  <reporter-output>
  </reporter-output>
  <suite name="Default suite" duration-ms="83" started-at="2019-12-18T10:26:23Z" finished-at="2019-12-18T10:26:23Z">
    <groups>
    </groups>
    <test name="Default test" duration-ms="83" started-at="2019-12-18T10:26:23Z" finished-at="2019-12-18T10:26:23Z">
      <class name="Test.HomePage">
        <test-method status="PASS" signature="testcase1()[pri:0, instance:Test.HomePage@1753acfe]" name="testcase1" duration-ms="26" started-at="2019-12-18T10:26:23Z" finished-at="2019-12-18T10:26:23Z">
          <reporter-output>
          </reporter-output>
        </test-method> <!-- testcase1 -->
      </class> <!-- Test.HomePage -->
    </test> <!-- Default test -->
  </suite> <!-- Default suite -->
</testng-results>
